<?xml version="1.0" encoding="UTF-8"?>
<!-- Generated by org.testng.reporters.JUnitReportReporter -->
<testsuite hostname="DESKTOP-5M7AM2E" failures="0" tests="1" name="org.test.FaceBook" time="8.125" errors="0" timestamp="2023-06-14T23:43:51 IST" skipped="0">
  <testcase classname="org.test.FaceBook" name="test1" time="8.125"/>
  <system-out/>
</testsuite> <!-- org.test.FaceBook -->
